This is pdfTeX, Version 3.14159265-2.6-1.40.17 (MiKTeX 2.9.6210 64-bit) (preloaded format=pdflatex 2017.2.6)  3 MAR 2017 01:07
entering extended mode
**"./Magnetic Storage.tex"
("Magnetic Storage.tex"
LaTeX2e <2017/01/01> patch level 1
Babel <3.9r> and hyphenation patterns for 75 language(s) loaded.
("C:\Program Files\MiKTeX 2.9\tex\latex\base\article.cls"
Document Class: article 2014/09/29 v1.4h Standard LaTeX document class
("C:\Program Files\MiKTeX 2.9\tex\latex\base\size11.clo"
File: size11.clo 2014/09/29 v1.4h Standard LaTeX file (size option)
)
\c@part=\count79
\c@section=\count80
\c@subsection=\count81
\c@subsubsection=\count82
\c@paragraph=\count83
\c@subparagraph=\count84
\c@figure=\count85
\c@table=\count86
\abovecaptionskip=\skip41
\belowcaptionskip=\skip42
\bibindent=\dimen102
)
("C:\Program Files\MiKTeX 2.9\tex\latex\amsmath\amsmath.sty"
Package: amsmath 2016/11/05 v2.16a AMS math features
\@mathmargin=\skip43

For additional information on amsmath, use the `?' option.
("C:\Program Files\MiKTeX 2.9\tex\latex\amsmath\amstext.sty"
Package: amstext 2000/06/29 v2.01 AMS text

("C:\Program Files\MiKTeX 2.9\tex\latex\amsmath\amsgen.sty"
File: amsgen.sty 1999/11/30 v2.0 generic functions
\@emptytoks=\toks14
\ex@=\dimen103
))
("C:\Program Files\MiKTeX 2.9\tex\latex\amsmath\amsbsy.sty"
Package: amsbsy 1999/11/29 v1.2d Bold Symbols
\pmbraise@=\dimen104
)
("C:\Program Files\MiKTeX 2.9\tex\latex\amsmath\amsopn.sty"
Package: amsopn 2016/03/08 v2.02 operator names
)
\inf@bad=\count87
LaTeX Info: Redefining \frac on input line 213.
\uproot@=\count88
\leftroot@=\count89
LaTeX Info: Redefining \overline on input line 375.
\classnum@=\count90
\DOTSCASE@=\count91
LaTeX Info: Redefining \ldots on input line 472.
LaTeX Info: Redefining \dots on input line 475.
LaTeX Info: Redefining \cdots on input line 596.
\Mathstrutbox@=\box26
\strutbox@=\box27
\big@size=\dimen105
LaTeX Font Info:    Redeclaring font encoding OML on input line 712.
LaTeX Font Info:    Redeclaring font encoding OMS on input line 713.
\macc@depth=\count92
\c@MaxMatrixCols=\count93
\dotsspace@=\muskip10
\c@parentequation=\count94
\dspbrk@lvl=\count95
\tag@help=\toks15
\row@=\count96
\column@=\count97
\maxfields@=\count98
\andhelp@=\toks16
\eqnshift@=\dimen106
\alignsep@=\dimen107
\tagshift@=\dimen108
\tagwidth@=\dimen109
\totwidth@=\dimen110
\lineht@=\dimen111
\@envbody=\toks17
\multlinegap=\skip44
\multlinetaggap=\skip45
\mathdisplay@stack=\toks18
LaTeX Info: Redefining \[ on input line 2817.
LaTeX Info: Redefining \] on input line 2818.
)
("C:\Program Files\MiKTeX 2.9\tex\latex\amsfonts\amssymb.sty"
Package: amssymb 2013/01/14 v3.01 AMS font symbols

("C:\Program Files\MiKTeX 2.9\tex\latex\amsfonts\amsfonts.sty"
Package: amsfonts 2013/01/14 v3.01 Basic AMSFonts support
\symAMSa=\mathgroup4
\symAMSb=\mathgroup5
LaTeX Font Info:    Overwriting math alphabet `\mathfrak' in version `bold'
(Font)                  U/euf/m/n --> U/euf/b/n on input line 106.
))
("C:\Program Files\MiKTeX 2.9\tex\latex\amsmath\amscd.sty"
Package: amscd 1999/11/29 v2.0 AMS Commutatitive Diagrams
\athelp@=\toks19
\minaw@=\dimen112
\bigaw@=\dimen113
\minCDarrowwidth=\dimen114
)
("C:\Program Files\MiKTeX 2.9\tex\latex\amscls\amsthm.sty"
Package: amsthm 2015/03/04 v2.20.2
\thm@style=\toks20
\thm@bodyfont=\toks21
\thm@headfont=\toks22
\thm@notefont=\toks23
\thm@headpunct=\toks24
\thm@preskip=\skip46
\thm@postskip=\skip47
\thm@headsep=\skip48
\dth@everypar=\toks25
)
("C:\Program Files\MiKTeX 2.9\tex\latex\tools\enumerate.sty"
Package: enumerate 2015/07/23 v3.00 enumerate extensions (DPC)
\@enLab=\toks26
)
(C:\Users\Healthycheekums\AppData\Roaming\MiKTeX\2.9\tex\latex\adjustbox\adjust
box.sty
Package: adjustbox 2012/05/21 v1.0 Adjusting TeX boxes (trim, clip, ...)
 ("C:\Program Files\MiKTeX 2.9\tex\latex\xkeyval\xkeyval.sty"
Package: xkeyval 2014/12/03 v2.7a package option processing (HA)

("C:\Program Files\MiKTeX 2.9\tex\generic\xkeyval\xkeyval.tex"
("C:\Program Files\MiKTeX 2.9\tex\generic\xkeyval\xkvutils.tex"
\XKV@toks=\toks27
\XKV@tempa@toks=\toks28

("C:\Program Files\MiKTeX 2.9\tex\generic\xkeyval\keyval.tex"))
\XKV@depth=\count99
File: xkeyval.tex 2014/12/03 v2.7a key=value parser (HA)
))
(C:\Users\Healthycheekums\AppData\Roaming\MiKTeX\2.9\tex\latex\adjustbox\adjcal
c.sty
Package: adjcalc 2012/05/16 v1.1 Provides advanced setlength with multiple back
-ends (calc, etex, pgfmath)
)
(C:\Users\Healthycheekums\AppData\Roaming\MiKTeX\2.9\tex\latex\adjustbox\trimcl
ip.sty
Package: trimclip 2012/05/16 v1.0 Trim and clip general TeX material
 ("C:\Program Files\MiKTeX 2.9\tex\latex\graphics\graphicx.sty"
Package: graphicx 2014/10/28 v1.0g Enhanced LaTeX Graphics (DPC,SPQR)

("C:\Program Files\MiKTeX 2.9\tex\latex\graphics\graphics.sty"
Package: graphics 2016/10/09 v1.0u Standard LaTeX Graphics (DPC,SPQR)

("C:\Program Files\MiKTeX 2.9\tex\latex\graphics\trig.sty"
Package: trig 2016/01/03 v1.10 sin cos tan (DPC)
)
("C:\Program Files\MiKTeX 2.9\tex\latex\graphics-cfg\graphics.cfg"
File: graphics.cfg 2016/06/04 v1.11 sample graphics configuration
)
Package graphics Info: Driver file: pdftex.def on input line 99.

("C:\Program Files\MiKTeX 2.9\tex\latex\graphics-def\pdftex.def"
File: pdftex.def 2017/01/12 v0.06k Graphics/color for pdfTeX

("C:\Program Files\MiKTeX 2.9\tex\generic\oberdiek\infwarerr.sty"
Package: infwarerr 2016/05/16 v1.4 Providing info/warning/error messages (HO)
)
("C:\Program Files\MiKTeX 2.9\tex\generic\oberdiek\ltxcmds.sty"
Package: ltxcmds 2016/05/16 v1.23 LaTeX kernel commands for general use (HO)
)
\Gread@gobject=\count100
))
\Gin@req@height=\dimen115
\Gin@req@width=\dimen116
)
(C:\Users\Healthycheekums\AppData\Roaming\MiKTeX\2.9\tex\latex\collectbox\colle
ctbox.sty
Package: collectbox 2012/05/17 v0.4b Collect macro arguments as boxes
\collectedbox=\box28
)
\tc@llx=\dimen117
\tc@lly=\dimen118
\tc@urx=\dimen119
\tc@ury=\dimen120
Package trimclip Info: Using driver 'tc-pdftex.def'.

(C:\Users\Healthycheekums\AppData\Roaming\MiKTeX\2.9\tex\latex\adjustbox\tc-pdf
tex.def
File: tc-pdftex.def 2012/05/13 v1.0 Clipping driver for pdftex
))
\adjbox@Width=\dimen121
\adjbox@Height=\dimen122
\adjbox@Depth=\dimen123
\adjbox@Totalheight=\dimen124

(C:\Users\Healthycheekums\AppData\Roaming\MiKTeX\2.9\tex\latex\ifoddpage\ifoddp
age.sty
Package: ifoddpage 2016/04/23 v1.1 Conditionals for odd/even page detection
\c@checkoddpage=\count101
) ("C:\Program Files\MiKTeX 2.9\tex\latex\ltxmisc\varwidth.sty"
Package: varwidth 2009/03/30 ver 0.92;  Variable-width minipages
\@vwid@box=\box29
\sift@deathcycles=\count102
\@vwid@loff=\dimen125
\@vwid@roff=\dimen126
))
(C:\Users\Healthycheekums\AppData\Roaming\MiKTeX\2.9\tex\latex\lastpage\lastpag
e.sty
Package: lastpage 2015/03/29 v1.2m Refers to last page's name (HMM; JPG)
) ("C:\Program Files\MiKTeX 2.9\tex\latex\geometry\geometry.sty"
Package: geometry 2010/09/12 v5.6 Page Geometry

("C:\Program Files\MiKTeX 2.9\tex\generic\oberdiek\ifpdf.sty"
Package: ifpdf 2016/05/14 v3.1 Provides the ifpdf switch
)
("C:\Program Files\MiKTeX 2.9\tex\generic\oberdiek\ifvtex.sty"
Package: ifvtex 2016/05/16 v1.6 Detect VTeX and its facilities (HO)
Package ifvtex Info: VTeX not detected.
)
("C:\Program Files\MiKTeX 2.9\tex\generic\ifxetex\ifxetex.sty"
Package: ifxetex 2010/09/12 v0.6 Provides ifxetex conditional
)
\Gm@cnth=\count103
\Gm@cntv=\count104
\c@Gm@tempcnt=\count105
\Gm@bindingoffset=\dimen127
\Gm@wd@mp=\dimen128
\Gm@odd@mp=\dimen129
\Gm@even@mp=\dimen130
\Gm@layoutwidth=\dimen131
\Gm@layoutheight=\dimen132
\Gm@layouthoffset=\dimen133
\Gm@layoutvoffset=\dimen134
\Gm@dimlist=\toks29

("C:\Program Files\MiKTeX 2.9\tex\latex\geometry\geometry.cfg"))
("C:\Program Files\MiKTeX 2.9\tex\latex\hyperref\hyperref.sty"
Package: hyperref 2016/06/24 v6.83q Hypertext links for LaTeX

("C:\Program Files\MiKTeX 2.9\tex\generic\oberdiek\hobsub-hyperref.sty"
Package: hobsub-hyperref 2016/05/16 v1.14 Bundle oberdiek, subset hyperref (HO)


("C:\Program Files\MiKTeX 2.9\tex\generic\oberdiek\hobsub-generic.sty"
Package: hobsub-generic 2016/05/16 v1.14 Bundle oberdiek, subset generic (HO)
Package: hobsub 2016/05/16 v1.14 Construct package bundles (HO)
Package hobsub Info: Skipping package `infwarerr' (already loaded).
Package hobsub Info: Skipping package `ltxcmds' (already loaded).
Package: ifluatex 2016/05/16 v1.4 Provides the ifluatex switch (HO)
Package ifluatex Info: LuaTeX not detected.
Package hobsub Info: Skipping package `ifvtex' (already loaded).
Package: intcalc 2016/05/16 v1.2 Expandable calculations with integers (HO)
Package hobsub Info: Skipping package `ifpdf' (already loaded).
Package: etexcmds 2016/05/16 v1.6 Avoid name clashes with e-TeX commands (HO)
Package etexcmds Info: Could not find \expanded.
(etexcmds)             That can mean that you are not using pdfTeX 1.50 or
(etexcmds)             that some package has redefined \expanded.
(etexcmds)             In the latter case, load this package earlier.
Package: kvsetkeys 2016/05/16 v1.17 Key value parser (HO)
Package: kvdefinekeys 2016/05/16 v1.4 Define keys (HO)
Package: pdftexcmds 2016/05/21 v0.22 Utility functions of pdfTeX for LuaTeX (HO
)
Package pdftexcmds Info: LuaTeX not detected.
Package pdftexcmds Info: \pdf@primitive is available.
Package pdftexcmds Info: \pdf@ifprimitive is available.
Package pdftexcmds Info: \pdfdraftmode found.
Package: pdfescape 2016/05/16 v1.14 Implements pdfTeX's escape features (HO)
Package: bigintcalc 2016/05/16 v1.4 Expandable calculations on big integers (HO
)
Package: bitset 2016/05/16 v1.2 Handle bit-vector datatype (HO)
Package: uniquecounter 2016/05/16 v1.3 Provide unlimited unique counter (HO)
)
Package hobsub Info: Skipping package `hobsub' (already loaded).
Package: letltxmacro 2016/05/16 v1.5 Let assignment for LaTeX macros (HO)
Package: hopatch 2016/05/16 v1.3 Wrapper for package hooks (HO)
Package: xcolor-patch 2016/05/16 xcolor patch
Package: atveryend 2016/05/16 v1.9 Hooks at the very end of document (HO)
Package atveryend Info: \enddocument detected (standard20110627).
Package: atbegshi 2016/06/09 v1.18 At begin shipout hook (HO)
Package: refcount 2016/05/16 v3.5 Data extraction from label references (HO)
Package: hycolor 2016/05/16 v1.8 Color options for hyperref/bookmark (HO)
)
("C:\Program Files\MiKTeX 2.9\tex\latex\oberdiek\auxhook.sty"
Package: auxhook 2016/05/16 v1.4 Hooks for auxiliary files (HO)
)
("C:\Program Files\MiKTeX 2.9\tex\latex\oberdiek\kvoptions.sty"
Package: kvoptions 2016/05/16 v3.12 Key value format for package options (HO)
)
\@linkdim=\dimen135
\Hy@linkcounter=\count106
\Hy@pagecounter=\count107

("C:\Program Files\MiKTeX 2.9\tex\latex\hyperref\pd1enc.def"
File: pd1enc.def 2016/06/24 v6.83q Hyperref: PDFDocEncoding definition (HO)
)
\Hy@SavedSpaceFactor=\count108

("C:\Program Files\MiKTeX 2.9\tex\latex\00miktex\hyperref.cfg"
File: hyperref.cfg 2002/06/06 v1.2 hyperref configuration of TeXLive
)
Package hyperref Info: Option `unicode' set `true' on input line 4362.

("C:\Program Files\MiKTeX 2.9\tex\latex\hyperref\puenc.def"
File: puenc.def 2016/06/24 v6.83q Hyperref: PDF Unicode definition (HO)
)
Package hyperref Info: Hyper figures OFF on input line 4486.
Package hyperref Info: Link nesting OFF on input line 4491.
Package hyperref Info: Hyper index ON on input line 4494.
Package hyperref Info: Plain pages OFF on input line 4501.
Package hyperref Info: Backreferencing OFF on input line 4506.
Package hyperref Info: Implicit mode ON; LaTeX internals redefined.
Package hyperref Info: Bookmarks ON on input line 4735.
\c@Hy@tempcnt=\count109

(C:\Users\Healthycheekums\AppData\Roaming\MiKTeX\2.9\tex\latex\url\url.sty
\Urlmuskip=\muskip11
Package: url 2013/09/16  ver 3.4  Verb mode for urls, etc.
)
LaTeX Info: Redefining \url on input line 5088.
\XeTeXLinkMargin=\dimen136
\Fld@menulength=\count110
\Field@Width=\dimen137
\Fld@charsize=\dimen138
Package hyperref Info: Hyper figures OFF on input line 6342.
Package hyperref Info: Link nesting OFF on input line 6347.
Package hyperref Info: Hyper index ON on input line 6350.
Package hyperref Info: backreferencing OFF on input line 6357.
Package hyperref Info: Link coloring OFF on input line 6362.
Package hyperref Info: Link coloring with OCG OFF on input line 6367.
Package hyperref Info: PDF/A mode OFF on input line 6372.
LaTeX Info: Redefining \ref on input line 6412.
LaTeX Info: Redefining \pageref on input line 6416.
\Hy@abspage=\count111
\c@Item=\count112
\c@Hfootnote=\count113
)

Package hyperref Message: Driver (autodetected): hpdftex.

("C:\Program Files\MiKTeX 2.9\tex\latex\hyperref\hpdftex.def"
File: hpdftex.def 2016/06/24 v6.83q Hyperref driver for pdfTeX
\Fld@listcount=\count114
\c@bookmark@seq@number=\count115

("C:\Program Files\MiKTeX 2.9\tex\latex\oberdiek\rerunfilecheck.sty"
Package: rerunfilecheck 2016/05/16 v1.8 Rerun checks for auxiliary files (HO)
Package uniquecounter Info: New unique counter `rerunfilecheck' on input line 2
82.
)
\Hy@SectionHShift=\skip49
)
(C:\Users\Healthycheekums\AppData\Roaming\MiKTeX\2.9\tex\latex\pgf\frontendlaye
r\tikz.sty
(C:\Users\Healthycheekums\AppData\Roaming\MiKTeX\2.9\tex\latex\pgf\basiclayer\p
gf.sty
(C:\Users\Healthycheekums\AppData\Roaming\MiKTeX\2.9\tex\latex\pgf\utilities\pg
frcs.sty
(C:\Users\Healthycheekums\AppData\Roaming\MiKTeX\2.9\tex\generic\pgf\utilities\
pgfutil-common.tex
\pgfutil@everybye=\toks30
\pgfutil@tempdima=\dimen139
\pgfutil@tempdimb=\dimen140

(C:\Users\Healthycheekums\AppData\Roaming\MiKTeX\2.9\tex\generic\pgf\utilities\
pgfutil-common-lists.tex))
(C:\Users\Healthycheekums\AppData\Roaming\MiKTeX\2.9\tex\generic\pgf\utilities\
pgfutil-latex.def
\pgfutil@abb=\box30

(C:\Users\Healthycheekums\AppData\Roaming\MiKTeX\2.9\tex\latex\ms\everyshi.sty
Package: everyshi 2001/05/15 v3.00 EveryShipout Package (MS)
))
(C:\Users\Healthycheekums\AppData\Roaming\MiKTeX\2.9\tex\generic\pgf\utilities\
pgfrcs.code.tex
Package: pgfrcs 2015/08/07 v3.0.1a (rcs-revision 1.31)
))
Package: pgf 2015/08/07 v3.0.1a (rcs-revision 1.15)

(C:\Users\Healthycheekums\AppData\Roaming\MiKTeX\2.9\tex\latex\pgf\basiclayer\p
gfcore.sty
(C:\Users\Healthycheekums\AppData\Roaming\MiKTeX\2.9\tex\latex\pgf\systemlayer\
pgfsys.sty
(C:\Users\Healthycheekums\AppData\Roaming\MiKTeX\2.9\tex\generic\pgf\systemlaye
r\pgfsys.code.tex
Package: pgfsys 2014/07/09 v3.0.1a (rcs-revision 1.48)

(C:\Users\Healthycheekums\AppData\Roaming\MiKTeX\2.9\tex\generic\pgf\utilities\
pgfkeys.code.tex
\pgfkeys@pathtoks=\toks31
\pgfkeys@temptoks=\toks32

(C:\Users\Healthycheekums\AppData\Roaming\MiKTeX\2.9\tex\generic\pgf\utilities\
pgfkeysfiltered.code.tex
\pgfkeys@tmptoks=\toks33
))
\pgf@x=\dimen141
\pgf@y=\dimen142
\pgf@xa=\dimen143
\pgf@ya=\dimen144
\pgf@xb=\dimen145
\pgf@yb=\dimen146
\pgf@xc=\dimen147
\pgf@yc=\dimen148
\w@pgf@writea=\write3
\r@pgf@reada=\read1
\c@pgf@counta=\count116
\c@pgf@countb=\count117
\c@pgf@countc=\count118
\c@pgf@countd=\count119
\t@pgf@toka=\toks34
\t@pgf@tokb=\toks35
\t@pgf@tokc=\toks36

(C:\Users\Healthycheekums\AppData\Roaming\MiKTeX\2.9\tex\generic\pgf\systemlaye
r\pgf.cfg
File: pgf.cfg 2008/05/14  (rcs-revision 1.7)
)
Driver file for pgf: pgfsys-pdftex.def

(C:\Users\Healthycheekums\AppData\Roaming\MiKTeX\2.9\tex\generic\pgf\systemlaye
r\pgfsys-pdftex.def
File: pgfsys-pdftex.def 2014/10/11  (rcs-revision 1.35)

(C:\Users\Healthycheekums\AppData\Roaming\MiKTeX\2.9\tex\generic\pgf\systemlaye
r\pgfsys-common-pdf.def
File: pgfsys-common-pdf.def 2013/10/10  (rcs-revision 1.13)
)))
(C:\Users\Healthycheekums\AppData\Roaming\MiKTeX\2.9\tex\generic\pgf\systemlaye
r\pgfsyssoftpath.code.tex
File: pgfsyssoftpath.code.tex 2013/09/09  (rcs-revision 1.9)
\pgfsyssoftpath@smallbuffer@items=\count120
\pgfsyssoftpath@bigbuffer@items=\count121
)
(C:\Users\Healthycheekums\AppData\Roaming\MiKTeX\2.9\tex\generic\pgf\systemlaye
r\pgfsysprotocol.code.tex
File: pgfsysprotocol.code.tex 2006/10/16  (rcs-revision 1.4)
))
(C:\Users\Healthycheekums\AppData\Roaming\MiKTeX\2.9\tex\latex\xcolor\xcolor.st
y
Package: xcolor 2016/05/11 v2.12 LaTeX color extensions (UK)
 ("C:\Program Files\MiKTeX 2.9\tex\latex\graphics-cfg\color.cfg"
File: color.cfg 2016/01/02 v1.6 sample color configuration
)
Package xcolor Info: Driver file: pdftex.def on input line 225.
Package xcolor Info: Model `cmy' substituted by `cmy0' on input line 1348.
Package xcolor Info: Model `hsb' substituted by `rgb' on input line 1352.
Package xcolor Info: Model `RGB' extended on input line 1364.
Package xcolor Info: Model `HTML' substituted by `rgb' on input line 1366.
Package xcolor Info: Model `Hsb' substituted by `hsb' on input line 1367.
Package xcolor Info: Model `tHsb' substituted by `hsb' on input line 1368.
Package xcolor Info: Model `HSB' substituted by `hsb' on input line 1369.
Package xcolor Info: Model `Gray' substituted by `gray' on input line 1370.
Package xcolor Info: Model `wave' substituted by `hsb' on input line 1371.
)
(C:\Users\Healthycheekums\AppData\Roaming\MiKTeX\2.9\tex\generic\pgf\basiclayer
\pgfcore.code.tex
Package: pgfcore 2010/04/11 v3.0.1a (rcs-revision 1.7)

(C:\Users\Healthycheekums\AppData\Roaming\MiKTeX\2.9\tex\generic\pgf\math\pgfma
th.code.tex
(C:\Users\Healthycheekums\AppData\Roaming\MiKTeX\2.9\tex\generic\pgf\math\pgfma
thcalc.code.tex
(C:\Users\Healthycheekums\AppData\Roaming\MiKTeX\2.9\tex\generic\pgf\math\pgfma
thutil.code.tex)
(C:\Users\Healthycheekums\AppData\Roaming\MiKTeX\2.9\tex\generic\pgf\math\pgfma
thparser.code.tex
\pgfmath@dimen=\dimen149
\pgfmath@count=\count122
\pgfmath@box=\box31
\pgfmath@toks=\toks37
\pgfmath@stack@operand=\toks38
\pgfmath@stack@operation=\toks39
)
(C:\Users\Healthycheekums\AppData\Roaming\MiKTeX\2.9\tex\generic\pgf\math\pgfma
thfunctions.code.tex
(C:\Users\Healthycheekums\AppData\Roaming\MiKTeX\2.9\tex\generic\pgf\math\pgfma
thfunctions.basic.code.tex)
(C:\Users\Healthycheekums\AppData\Roaming\MiKTeX\2.9\tex\generic\pgf\math\pgfma
thfunctions.trigonometric.code.tex)
(C:\Users\Healthycheekums\AppData\Roaming\MiKTeX\2.9\tex\generic\pgf\math\pgfma
thfunctions.random.code.tex)
(C:\Users\Healthycheekums\AppData\Roaming\MiKTeX\2.9\tex\generic\pgf\math\pgfma
thfunctions.comparison.code.tex)
(C:\Users\Healthycheekums\AppData\Roaming\MiKTeX\2.9\tex\generic\pgf\math\pgfma
thfunctions.base.code.tex)
(C:\Users\Healthycheekums\AppData\Roaming\MiKTeX\2.9\tex\generic\pgf\math\pgfma
thfunctions.round.code.tex)
(C:\Users\Healthycheekums\AppData\Roaming\MiKTeX\2.9\tex\generic\pgf\math\pgfma
thfunctions.misc.code.tex)
(C:\Users\Healthycheekums\AppData\Roaming\MiKTeX\2.9\tex\generic\pgf\math\pgfma
thfunctions.integerarithmetics.code.tex)))
(C:\Users\Healthycheekums\AppData\Roaming\MiKTeX\2.9\tex\generic\pgf\math\pgfma
thfloat.code.tex
\c@pgfmathroundto@lastzeros=\count123
))
(C:\Users\Healthycheekums\AppData\Roaming\MiKTeX\2.9\tex\generic\pgf\basiclayer
\pgfcorepoints.code.tex
File: pgfcorepoints.code.tex 2013/10/07  (rcs-revision 1.27)
\pgf@picminx=\dimen150
\pgf@picmaxx=\dimen151
\pgf@picminy=\dimen152
\pgf@picmaxy=\dimen153
\pgf@pathminx=\dimen154
\pgf@pathmaxx=\dimen155
\pgf@pathminy=\dimen156
\pgf@pathmaxy=\dimen157
\pgf@xx=\dimen158
\pgf@xy=\dimen159
\pgf@yx=\dimen160
\pgf@yy=\dimen161
\pgf@zx=\dimen162
\pgf@zy=\dimen163
)
(C:\Users\Healthycheekums\AppData\Roaming\MiKTeX\2.9\tex\generic\pgf\basiclayer
\pgfcorepathconstruct.code.tex
File: pgfcorepathconstruct.code.tex 2013/10/07  (rcs-revision 1.29)
\pgf@path@lastx=\dimen164
\pgf@path@lasty=\dimen165
)
(C:\Users\Healthycheekums\AppData\Roaming\MiKTeX\2.9\tex\generic\pgf\basiclayer
\pgfcorepathusage.code.tex
File: pgfcorepathusage.code.tex 2014/11/02  (rcs-revision 1.24)
\pgf@shorten@end@additional=\dimen166
\pgf@shorten@start@additional=\dimen167
)
(C:\Users\Healthycheekums\AppData\Roaming\MiKTeX\2.9\tex\generic\pgf\basiclayer
\pgfcorescopes.code.tex
File: pgfcorescopes.code.tex 2015/05/08  (rcs-revision 1.46)
\pgfpic=\box32
\pgf@hbox=\box33
\pgf@layerbox@main=\box34
\pgf@picture@serial@count=\count124
)
(C:\Users\Healthycheekums\AppData\Roaming\MiKTeX\2.9\tex\generic\pgf\basiclayer
\pgfcoregraphicstate.code.tex
File: pgfcoregraphicstate.code.tex 2014/11/02  (rcs-revision 1.12)
\pgflinewidth=\dimen168
)
(C:\Users\Healthycheekums\AppData\Roaming\MiKTeX\2.9\tex\generic\pgf\basiclayer
\pgfcoretransformations.code.tex
File: pgfcoretransformations.code.tex 2015/08/07  (rcs-revision 1.20)
\pgf@pt@x=\dimen169
\pgf@pt@y=\dimen170
\pgf@pt@temp=\dimen171
)
(C:\Users\Healthycheekums\AppData\Roaming\MiKTeX\2.9\tex\generic\pgf\basiclayer
\pgfcorequick.code.tex
File: pgfcorequick.code.tex 2008/10/09  (rcs-revision 1.3)
)
(C:\Users\Healthycheekums\AppData\Roaming\MiKTeX\2.9\tex\generic\pgf\basiclayer
\pgfcoreobjects.code.tex
File: pgfcoreobjects.code.tex 2006/10/11  (rcs-revision 1.2)
)
(C:\Users\Healthycheekums\AppData\Roaming\MiKTeX\2.9\tex\generic\pgf\basiclayer
\pgfcorepathprocessing.code.tex
File: pgfcorepathprocessing.code.tex 2013/09/09  (rcs-revision 1.9)
)
(C:\Users\Healthycheekums\AppData\Roaming\MiKTeX\2.9\tex\generic\pgf\basiclayer
\pgfcorearrows.code.tex
File: pgfcorearrows.code.tex 2015/05/14  (rcs-revision 1.43)
\pgfarrowsep=\dimen172
)
(C:\Users\Healthycheekums\AppData\Roaming\MiKTeX\2.9\tex\generic\pgf\basiclayer
\pgfcoreshade.code.tex
File: pgfcoreshade.code.tex 2013/07/15  (rcs-revision 1.15)
\pgf@max=\dimen173
\pgf@sys@shading@range@num=\count125
)
(C:\Users\Healthycheekums\AppData\Roaming\MiKTeX\2.9\tex\generic\pgf\basiclayer
\pgfcoreimage.code.tex
File: pgfcoreimage.code.tex 2013/07/15  (rcs-revision 1.18)

(C:\Users\Healthycheekums\AppData\Roaming\MiKTeX\2.9\tex\generic\pgf\basiclayer
\pgfcoreexternal.code.tex
File: pgfcoreexternal.code.tex 2014/07/09  (rcs-revision 1.21)
\pgfexternal@startupbox=\box35
))
(C:\Users\Healthycheekums\AppData\Roaming\MiKTeX\2.9\tex\generic\pgf\basiclayer
\pgfcorelayers.code.tex
File: pgfcorelayers.code.tex 2013/07/18  (rcs-revision 1.7)
)
(C:\Users\Healthycheekums\AppData\Roaming\MiKTeX\2.9\tex\generic\pgf\basiclayer
\pgfcoretransparency.code.tex
File: pgfcoretransparency.code.tex 2013/09/30  (rcs-revision 1.5)
)
(C:\Users\Healthycheekums\AppData\Roaming\MiKTeX\2.9\tex\generic\pgf\basiclayer
\pgfcorepatterns.code.tex
File: pgfcorepatterns.code.tex 2013/11/07  (rcs-revision 1.5)
)))
(C:\Users\Healthycheekums\AppData\Roaming\MiKTeX\2.9\tex\generic\pgf\modules\pg
fmoduleshapes.code.tex
File: pgfmoduleshapes.code.tex 2014/03/21  (rcs-revision 1.35)
\pgfnodeparttextbox=\box36
)
(C:\Users\Healthycheekums\AppData\Roaming\MiKTeX\2.9\tex\generic\pgf\modules\pg
fmoduleplot.code.tex
File: pgfmoduleplot.code.tex 2015/08/03  (rcs-revision 1.13)
)
(C:\Users\Healthycheekums\AppData\Roaming\MiKTeX\2.9\tex\latex\pgf\compatibilit
y\pgfcomp-version-0-65.sty
Package: pgfcomp-version-0-65 2007/07/03 v3.0.1a (rcs-revision 1.7)
\pgf@nodesepstart=\dimen174
\pgf@nodesepend=\dimen175
)
(C:\Users\Healthycheekums\AppData\Roaming\MiKTeX\2.9\tex\latex\pgf\compatibilit
y\pgfcomp-version-1-18.sty
Package: pgfcomp-version-1-18 2007/07/23 v3.0.1a (rcs-revision 1.1)
))
(C:\Users\Healthycheekums\AppData\Roaming\MiKTeX\2.9\tex\latex\pgf\utilities\pg
ffor.sty
(C:\Users\Healthycheekums\AppData\Roaming\MiKTeX\2.9\tex\latex\pgf\utilities\pg
fkeys.sty
(C:\Users\Healthycheekums\AppData\Roaming\MiKTeX\2.9\tex\generic\pgf\utilities\
pgfkeys.code.tex))
(C:\Users\Healthycheekums\AppData\Roaming\MiKTeX\2.9\tex\latex\pgf\math\pgfmath
.sty
(C:\Users\Healthycheekums\AppData\Roaming\MiKTeX\2.9\tex\generic\pgf\math\pgfma
th.code.tex))
(C:\Users\Healthycheekums\AppData\Roaming\MiKTeX\2.9\tex\generic\pgf\utilities\
pgffor.code.tex
Package: pgffor 2013/12/13 v3.0.1a (rcs-revision 1.25)

(C:\Users\Healthycheekums\AppData\Roaming\MiKTeX\2.9\tex\generic\pgf\math\pgfma
th.code.tex)
\pgffor@iter=\dimen176
\pgffor@skip=\dimen177
\pgffor@stack=\toks40
\pgffor@toks=\toks41
))
(C:\Users\Healthycheekums\AppData\Roaming\MiKTeX\2.9\tex\generic\pgf\frontendla
yer\tikz\tikz.code.tex
Package: tikz 2015/08/07 v3.0.1a (rcs-revision 1.151)

(C:\Users\Healthycheekums\AppData\Roaming\MiKTeX\2.9\tex\generic\pgf\libraries\
pgflibraryplothandlers.code.tex
File: pgflibraryplothandlers.code.tex 2013/08/31 v3.0.1a (rcs-revision 1.20)
\pgf@plot@mark@count=\count126
\pgfplotmarksize=\dimen178
)
\tikz@lastx=\dimen179
\tikz@lasty=\dimen180
\tikz@lastxsaved=\dimen181
\tikz@lastysaved=\dimen182
\tikzleveldistance=\dimen183
\tikzsiblingdistance=\dimen184
\tikz@figbox=\box37
\tikz@figbox@bg=\box38
\tikz@tempbox=\box39
\tikz@tempbox@bg=\box40
\tikztreelevel=\count127
\tikznumberofchildren=\count128
\tikznumberofcurrentchild=\count129
\tikz@fig@count=\count130

(C:\Users\Healthycheekums\AppData\Roaming\MiKTeX\2.9\tex\generic\pgf\modules\pg
fmodulematrix.code.tex
File: pgfmodulematrix.code.tex 2013/09/17  (rcs-revision 1.8)
\pgfmatrixcurrentrow=\count131
\pgfmatrixcurrentcolumn=\count132
\pgf@matrix@numberofcolumns=\count133
)
\tikz@expandcount=\count134

(C:\Users\Healthycheekums\AppData\Roaming\MiKTeX\2.9\tex\generic\pgf\frontendla
yer\tikz\libraries\tikzlibrarytopaths.code.tex
File: tikzlibrarytopaths.code.tex 2008/06/17 v3.0.1a (rcs-revision 1.2)
)))
(C:\Users\Healthycheekums\AppData\Roaming\MiKTeX\2.9\tex\latex\pgfplots\pgfplot
s.sty
(C:\Users\Healthycheekums\AppData\Roaming\MiKTeX\2.9\tex\generic\pgfplots\pgfpl
ots.revision.tex)
Package: pgfplots 2016/08/10 v1.14 Data Visualization (1.14)

(C:\Users\Healthycheekums\AppData\Roaming\MiKTeX\2.9\tex\generic\pgfplots\pgfpl
ots.code.tex
(C:\Users\Healthycheekums\AppData\Roaming\MiKTeX\2.9\tex\generic\pgfplots\pgfpl
otscore.code.tex
\t@pgfplots@toka=\toks42
\t@pgfplots@tokb=\toks43
\t@pgfplots@tokc=\toks44
\pgfplots@tmpa=\dimen185
\c@pgfplots@coordindex=\count135
\c@pgfplots@scanlineindex=\count136

(C:\Users\Healthycheekums\AppData\Roaming\MiKTeX\2.9\tex\generic\pgfplots\sys\p
gfplotssysgeneric.code.tex))
(C:\Users\Healthycheekums\AppData\Roaming\MiKTeX\2.9\tex\generic\pgfplots\libs\
pgfplotslibrary.code.tex)
(C:\Users\Healthycheekums\AppData\Roaming\MiKTeX\2.9\tex\generic\pgfplots\oldpg
fcompatib\pgfplotsoldpgfsupp_loader.code.tex
(C:\Users\Healthycheekums\AppData\Roaming\MiKTeX\2.9\tex\generic\pgf\libraries\
pgflibraryfpu.code.tex)
Package pgfplots: loading complementary arithmetics for your pgf version...

(C:\Users\Healthycheekums\AppData\Roaming\MiKTeX\2.9\tex\generic\pgfplots\oldpg
fcompatib\pgfplotsoldpgfsupp_pgflibraryfpu.code.tex)
(C:\Users\Healthycheekums\AppData\Roaming\MiKTeX\2.9\tex\generic\pgfplots\oldpg
fcompatib\pgfplotsoldpgfsupp_pgfmathfloat.code.tex
\c@pgfmathroundto@lastzeros=\count137
))
(C:\Users\Healthycheekums\AppData\Roaming\MiKTeX\2.9\tex\generic\pgfplots\util\
pgfplotsutil.code.tex
(C:\Users\Healthycheekums\AppData\Roaming\MiKTeX\2.9\tex\generic\pgfplots\lists
tructure\pgfplotsliststructure.code.tex)
(C:\Users\Healthycheekums\AppData\Roaming\MiKTeX\2.9\tex\generic\pgfplots\lists
tructure\pgfplotsliststructureext.code.tex)
(C:\Users\Healthycheekums\AppData\Roaming\MiKTeX\2.9\tex\generic\pgfplots\lists
tructure\pgfplotsarray.code.tex
\c@pgfplotsarray@tmp=\count138
)
(C:\Users\Healthycheekums\AppData\Roaming\MiKTeX\2.9\tex\generic\pgfplots\lists
tructure\pgfplotsmatrix.code.tex)
(C:\Users\Healthycheekums\AppData\Roaming\MiKTeX\2.9\tex\generic\pgfplots\numta
ble\pgfplotstableshared.code.tex
\c@pgfplotstable@counta=\count139
\t@pgfplotstable@a=\toks45
)
(C:\Users\Healthycheekums\AppData\Roaming\MiKTeX\2.9\tex\generic\pgfplots\lists
tructure\pgfplotsdeque.code.tex)
(C:\Users\Healthycheekums\AppData\Roaming\MiKTeX\2.9\tex\generic\pgfplots\util\
pgfplotsbinary.code.tex
(C:\Users\Healthycheekums\AppData\Roaming\MiKTeX\2.9\tex\generic\pgfplots\util\
pgfplotsbinary.data.code.tex))
(C:\Users\Healthycheekums\AppData\Roaming\MiKTeX\2.9\tex\generic\pgfplots\util\
pgfplotsutil.verb.code.tex)
(C:\Users\Healthycheekums\AppData\Roaming\MiKTeX\2.9\tex\generic\pgfplots\libs\
pgflibrarypgfplots.surfshading.code.tex
\c@pgfplotslibrarysurf@no=\count140

(C:\Users\Healthycheekums\AppData\Roaming\MiKTeX\2.9\tex\generic\pgfplots\sys\p
gflibrarypgfplots.surfshading.pgfsys-pdftex.def)))
(C:\Users\Healthycheekums\AppData\Roaming\MiKTeX\2.9\tex\generic\pgfplots\util\
pgfplotscolormap.code.tex
(C:\Users\Healthycheekums\AppData\Roaming\MiKTeX\2.9\tex\generic\pgfplots\util\
pgfplotscolor.code.tex))
(C:\Users\Healthycheekums\AppData\Roaming\MiKTeX\2.9\tex\generic\pgfplots\pgfpl
otsstackedplots.code.tex)
(C:\Users\Healthycheekums\AppData\Roaming\MiKTeX\2.9\tex\generic\pgfplots\pgfpl
otsplothandlers.code.tex
(C:\Users\Healthycheekums\AppData\Roaming\MiKTeX\2.9\tex\generic\pgfplots\pgfpl
otsmeshplothandler.code.tex
(C:\Users\Healthycheekums\AppData\Roaming\MiKTeX\2.9\tex\generic\pgfplots\pgfpl
otsmeshplotimage.code.tex)))
(C:\Users\Healthycheekums\AppData\Roaming\MiKTeX\2.9\tex\generic\pgfplots\pgfpl
ots.scaling.code.tex)
(C:\Users\Healthycheekums\AppData\Roaming\MiKTeX\2.9\tex\generic\pgfplots\pgfpl
otscoordprocessing.code.tex)
(C:\Users\Healthycheekums\AppData\Roaming\MiKTeX\2.9\tex\generic\pgfplots\pgfpl
ots.errorbars.code.tex)
(C:\Users\Healthycheekums\AppData\Roaming\MiKTeX\2.9\tex\generic\pgfplots\pgfpl
ots.markers.code.tex)
(C:\Users\Healthycheekums\AppData\Roaming\MiKTeX\2.9\tex\generic\pgfplots\pgfpl
otsticks.code.tex)
(C:\Users\Healthycheekums\AppData\Roaming\MiKTeX\2.9\tex\generic\pgfplots\pgfpl
ots.paths.code.tex)
(C:\Users\Healthycheekums\AppData\Roaming\MiKTeX\2.9\tex\generic\pgf\frontendla
yer\tikz\libraries\tikzlibrarydecorations.code.tex
(C:\Users\Healthycheekums\AppData\Roaming\MiKTeX\2.9\tex\generic\pgf\modules\pg
fmoduledecorations.code.tex
\pgfdecoratedcompleteddistance=\dimen186
\pgfdecoratedremainingdistance=\dimen187
\pgfdecoratedinputsegmentcompleteddistance=\dimen188
\pgfdecoratedinputsegmentremainingdistance=\dimen189
\pgf@decorate@distancetomove=\dimen190
\pgf@decorate@repeatstate=\count141
\pgfdecorationsegmentamplitude=\dimen191
\pgfdecorationsegmentlength=\dimen192
)
\tikz@lib@dec@box=\box41
)
(C:\Users\Healthycheekums\AppData\Roaming\MiKTeX\2.9\tex\generic\pgf\frontendla
yer\tikz\libraries\tikzlibrarydecorations.pathmorphing.code.tex
(C:\Users\Healthycheekums\AppData\Roaming\MiKTeX\2.9\tex\generic\pgf\libraries\
decorations\pgflibrarydecorations.pathmorphing.code.tex))
(C:\Users\Healthycheekums\AppData\Roaming\MiKTeX\2.9\tex\generic\pgf\frontendla
yer\tikz\libraries\tikzlibrarydecorations.pathreplacing.code.tex
(C:\Users\Healthycheekums\AppData\Roaming\MiKTeX\2.9\tex\generic\pgf\libraries\
decorations\pgflibrarydecorations.pathreplacing.code.tex))
\pgfplots@numplots=\count142
\pgfplots@xmin@reg=\dimen193
\pgfplots@xmax@reg=\dimen194
\pgfplots@ymin@reg=\dimen195
\pgfplots@ymax@reg=\dimen196
\pgfplots@zmin@reg=\dimen197
\pgfplots@zmax@reg=\dimen198
)
(C:\Users\Healthycheekums\AppData\Roaming\MiKTeX\2.9\tex\generic\pgf\frontendla
yer\tikz\libraries\tikzlibraryplotmarks.code.tex
File: tikzlibraryplotmarks.code.tex 2008/01/09 v3.0.1a (rcs-revision 1.1)

(C:\Users\Healthycheekums\AppData\Roaming\MiKTeX\2.9\tex\generic\pgf\libraries\
pgflibraryplotmarks.code.tex
File: pgflibraryplotmarks.code.tex 2015/08/03 v3.0.1a (rcs-revision 1.14)
)))
(C:\Users\Healthycheekums\AppData\Roaming\MiKTeX\2.9\tex\latex\fancyhdr\fancyhd
r.sty
Package: fancyhdr 2016/09/06 3.8 Extensive control of page headers and footers
\fancy@headwidth=\skip50
\f@ncyO@elh=\skip51
\f@ncyO@erh=\skip52
\f@ncyO@olh=\skip53
\f@ncyO@orh=\skip54
\f@ncyO@elf=\skip55
\f@ncyO@erf=\skip56
\f@ncyO@olf=\skip57
\f@ncyO@orf=\skip58
) ("C:\Program Files\MiKTeX 2.9\tex\latex\tools\multicol.sty"
Package: multicol 2016/04/07 v1.8p multicolumn formatting (FMi)
\c@tracingmulticols=\count143
\mult@box=\box42
\multicol@leftmargin=\dimen199
\c@unbalance=\count144
\c@collectmore=\count145
\doublecol@number=\count146
\multicoltolerance=\count147
\multicolpretolerance=\count148
\full@width=\dimen256
\page@free=\dimen257
\premulticols=\dimen258
\postmulticols=\dimen259
\multicolsep=\skip59
\multicolbaselineskip=\skip60
\partial@page=\box43
\last@line=\box44
\maxbalancingoverflow=\dimen260
\mult@rightbox=\box45
\mult@grightbox=\box46
\mult@gfirstbox=\box47
\mult@firstbox=\box48
\@tempa=\box49
\@tempa=\box50
\@tempa=\box51
\@tempa=\box52
\@tempa=\box53
\@tempa=\box54
\@tempa=\box55
\@tempa=\box56
\@tempa=\box57
\@tempa=\box58
\@tempa=\box59
\@tempa=\box60
\@tempa=\box61
\@tempa=\box62
\@tempa=\box63
\@tempa=\box64
\@tempa=\box65
\c@columnbadness=\count149
\c@finalcolumnbadness=\count150
\last@try=\dimen261
\multicolovershoot=\dimen262
\multicolundershoot=\dimen263
\mult@nat@firstbox=\box66
\colbreak@box=\box67
\mc@col@check@num=\count151
)
(C:\Users\Healthycheekums\AppData\Roaming\MiKTeX\2.9\tex\latex\lipsum\lipsum.st
y
Package: lipsum 2014/07/27 v1.3 150 paragraphs of Lorem Ipsum dummy text
\c@lips@count=\count152
) ("Magnetic Storage.aux")
\openout1 = `"Magnetic Storage.aux"'.

LaTeX Font Info:    Checking defaults for OML/cmm/m/it on input line 48.
LaTeX Font Info:    ... okay on input line 48.
LaTeX Font Info:    Checking defaults for T1/cmr/m/n on input line 48.
LaTeX Font Info:    ... okay on input line 48.
LaTeX Font Info:    Checking defaults for OT1/cmr/m/n on input line 48.
LaTeX Font Info:    ... okay on input line 48.
LaTeX Font Info:    Checking defaults for OMS/cmsy/m/n on input line 48.
LaTeX Font Info:    ... okay on input line 48.
LaTeX Font Info:    Checking defaults for OMX/cmex/m/n on input line 48.
LaTeX Font Info:    ... okay on input line 48.
LaTeX Font Info:    Checking defaults for U/cmr/m/n on input line 48.
LaTeX Font Info:    ... okay on input line 48.
LaTeX Font Info:    Checking defaults for PD1/pdf/m/n on input line 48.
LaTeX Font Info:    ... okay on input line 48.
LaTeX Font Info:    Checking defaults for PU/pdf/m/n on input line 48.
LaTeX Font Info:    ... okay on input line 48.

(C:\Users\Healthycheekums\AppData\Roaming\MiKTeX\2.9\tex\context\base\supp-pdf.
mkii
[Loading MPS to PDF converter (version 2006.09.02).]
\scratchcounter=\count153
\scratchdimen=\dimen264
\scratchbox=\box68
\nofMPsegments=\count154
\nofMParguments=\count155
\everyMPshowfont=\toks46
\MPscratchCnt=\count156
\MPscratchDim=\dimen265
\MPnumerator=\count157
\makeMPintoPDFobject=\count158
\everyMPtoPDFconversion=\toks47
) ("C:\Program Files\MiKTeX 2.9\tex\latex\oberdiek\epstopdf-base.sty"
Package: epstopdf-base 2016/05/15 v2.6 Base part for package epstopdf

("C:\Program Files\MiKTeX 2.9\tex\latex\oberdiek\grfext.sty"
Package: grfext 2016/05/16 v1.2 Manage graphics extensions (HO)
)
Package epstopdf-base Info: Redefining graphics rule for `.eps' on input line 4
38.
Package grfext Info: Graphics extension search list:
(grfext)             [.png,.pdf,.jpg,.mps,.jpeg,.jbig2,.jb2,.PNG,.PDF,.JPG,.JPE
G,.JBIG2,.JB2,.eps]
(grfext)             \AppendGraphicsExtensions on input line 456.
)
Package lastpage Info: Please have a look at the pageslts package at
(lastpage)             https://www.ctan.org/pkg/pageslts
(lastpage)             ! on input line 48.

*geometry* driver: auto-detecting
*geometry* detected driver: pdftex
*geometry* verbose mode - [ preamble ] result:
* driver: pdftex
* paper: <default>
* layout: <same size as paper>
* layoutoffset:(h,v)=(0.0pt,0.0pt)
* modes: 
* h-part:(L,W,R)=(72.26999pt, 469.75502pt, 72.26999pt)
* v-part:(T,H,B)=(72.26999pt, 650.43001pt, 72.26999pt)
* \paperwidth=614.295pt
* \paperheight=794.96999pt
* \textwidth=469.75502pt
* \textheight=650.43pt
* \oddsidemargin=0.0pt
* \evensidemargin=0.0pt
* \topmargin=-37.0pt
* \headheight=12.0pt
* \headsep=25.0pt
* \topskip=11.0pt
* \footskip=30.0pt
* \marginparwidth=59.0pt
* \marginparsep=10.0pt
* \columnsep=10.0pt
* \skip\footins=10.0pt plus 4.0pt minus 2.0pt
* \hoffset=0.0pt
* \voffset=0.0pt
* \mag=1000
* \@twocolumnfalse
* \@twosidefalse
* \@mparswitchfalse
* \@reversemarginfalse
* (1in=72.27pt=25.4mm, 1cm=28.453pt)

\AtBeginShipoutBox=\box69
Package hyperref Info: Link coloring OFF on input line 48.
("C:\Program Files\MiKTeX 2.9\tex\latex\hyperref\nameref.sty"
Package: nameref 2016/05/21 v2.44 Cross-referencing by name of section

("C:\Program Files\MiKTeX 2.9\tex\generic\oberdiek\gettitlestring.sty"
Package: gettitlestring 2016/05/16 v1.5 Cleanup title references (HO)
)
\c@section@level=\count159
)
LaTeX Info: Redefining \ref on input line 48.
LaTeX Info: Redefining \pageref on input line 48.
LaTeX Info: Redefining \nameref on input line 48.

("Magnetic Storage.out") ("Magnetic Storage.out")
\@outlinefile=\write4
\openout4 = `"Magnetic Storage.out"'.


ABD: EveryShipout initializing macros

Package pgfplots Warning: running in backwards compatibility mode (unsuitable t
ick labels; missing features). Consider writing \pgfplotsset{compat=1.14} into 
your preamble.
 on input line 48.

LaTeX Font Info:    Try loading font information for U+msa on input line 51.
("C:\Program Files\MiKTeX 2.9\tex\latex\amsfonts\umsa.fd"
File: umsa.fd 2013/01/14 v3.01 AMS symbols A
)
LaTeX Font Info:    Try loading font information for U+msb on input line 51.

("C:\Program Files\MiKTeX 2.9\tex\latex\amsfonts\umsb.fd"
File: umsb.fd 2013/01/14 v3.01 AMS symbols B
)
<HDD_makeup.png, id=6, 425.33907pt x 271.76532pt>
File: HDD_makeup.png Graphic file (type png)
 <use HDD_makeup.png>
Package pdftex.def Info: HDD_makeup.png used on input line 60.
(pdftex.def)             Requested size: 225.4804pt x 144.0681pt.

<mag_hysterisis.png, id=9, 359.09157pt x 224.33812pt>
File: mag_hysterisis.png Graphic file (type png)
 <use mag_hysterisis.png>
Package pdftex.def Info: mag_hysterisis.png used on input line 69.
(pdftex.def)             Requested size: 225.4804pt x 140.86821pt.


Package Fancyhdr Warning: \headheight is too small (12.0pt): 
 Make it at least 13.59999pt.
 We now make it that large for the rest of the document.
 This may cause the page layout to be inconsistent, however.

[1{C:/Users/Healthycheekums/AppData/Local/MiKTeX/2.9/pdftex/config/pdftex.map}

 <./HDD_makeup.png>] <Waveform_code.png, id=30, 232.61906pt x 200.24812pt>
File: Waveform_code.png Graphic file (type png)

<use Waveform_code.png>
Package pdftex.def Info: Waveform_code.png used on input line 83.
(pdftex.def)             Requested size: 225.4804pt x 194.10905pt.
 [2 <./mag_hysterisis.png> <./Waveform_code.png>]
Missing character: There is no â in font cmr10!
Missing character: There is no € in font cmr10!
Missing character: There is no ™ in font cmr10!

<exp_vs_theory.png, id=44, 453.19313pt x 354.57469pt>
File: exp_vs_theory.png Graphic file (type png)
 <use exp_vs_theory.png>
Package pdftex.def Info: exp_vs_theory.png used on input line 114.
(pdftex.def)             Requested size: 225.4804pt x 176.41043pt.

[3] <region_of_stability.png, id=60, 382.42876pt x 206.27063pt>
File: region_of_stability.png Graphic file (type png)

<use region_of_stability.png>
Package pdftex.def Info: region_of_stability.png used on input line 123.
(pdftex.def)             Requested size: 225.4804pt x 121.61678pt.
Missing character: There is no â in font cmr9!
Missing character: There is no € in font cmr9!
Missing character: There is no ™ in font cmr9!
Missing character: There is no â in font cmr9!
Missing character: There is no € in font cmr9!
Missing character: There is no ™ in font cmr9!
 
AED: lastpage setting LastPage
[4 <./exp_vs_theory.png> <./region_of_stability.png>]
Package atveryend Info: Empty hook `BeforeClearDocument' on input line 146.
Package atveryend Info: Empty hook `AfterLastShipout' on input line 146.
 ("Magnetic Storage.aux")
Package atveryend Info: Executing hook `AtVeryEndDocument' on input line 146.
Package atveryend Info: Executing hook `AtEndAfterFileList' on input line 146.
Package rerunfilecheck Info: File `"Magnetic Storage".out' has not changed.
(rerunfilecheck)             Checksum: D41D8CD98F00B204E9800998ECF8427E;0.
Package atveryend Info: Empty hook `AtVeryVeryEnd' on input line 146.
 ) 
Here is how much of TeX's memory you used:
 30516 strings out of 493333
 694989 string characters out of 3139165
 947592 words of memory out of 3000000
 33552 multiletter control sequences out of 15000+200000
 13855 words of font info for 53 fonts, out of 3000000 for 9000
 1141 hyphenation exceptions out of 8191
 62i,11n,96p,1027b,609s stack positions out of 5000i,500n,10000p,200000b,50000s
<C:/Program Files/MiKTeX 2.9/fonts/type1/public/amsfonts/cm/cmbx10.pfb><C:/Pr
ogram Files/MiKTeX 2.9/fonts/type1/public/amsfonts/cm/cmbx12.pfb><C:/Program Fi
les/MiKTeX 2.9/fonts/type1/public/amsfonts/cm/cmbx9.pfb><C:/Program Files/MiKTe
X 2.9/fonts/type1/public/amsfonts/cm/cmex10.pfb><C:/Program Files/MiKTeX 2.9/fo
nts/type1/public/amsfonts/cm/cmmi10.pfb><C:/Program Files/MiKTeX 2.9/fonts/type
1/public/amsfonts/cm/cmmi8.pfb><C:/Program Files/MiKTeX 2.9/fonts/type1/public/
amsfonts/cm/cmr10.pfb><C:/Program Files/MiKTeX 2.9/fonts/type1/public/amsfonts/
cm/cmr12.pfb><C:/Program Files/MiKTeX 2.9/fonts/type1/public/amsfonts/cm/cmr17.
pfb><C:/Program Files/MiKTeX 2.9/fonts/type1/public/amsfonts/cm/cmr6.pfb><C:/Pr
ogram Files/MiKTeX 2.9/fonts/type1/public/amsfonts/cm/cmr8.pfb><C:/Program File
s/MiKTeX 2.9/fonts/type1/public/amsfonts/cm/cmr9.pfb><C:/Program Files/MiKTeX 2
.9/fonts/type1/public/amsfonts/cm/cmsy10.pfb>
Output written on "Magnetic Storage.pdf" (4 pages, 661917 bytes).
PDF statistics:
 115 PDF objects out of 1000 (max. 8388607)
 13 named destinations out of 1000 (max. 500000)
 38 words of extra memory for PDF output out of 10000 (max. 10000000)

